<?xml version="1.0" encoding="UTF-8"?>
<!-- Generated by org.testng.reporters.JUnitReportReporter -->
<testsuite hostname="LAPTOP-2D0MJJ4C" failures="0" tests="2" name="TestClasses.Webtable" time="5.287" errors="0" timestamp="07 Mar 2023 14:43:41 GMT" skipped="1">
  <testcase classname="TestClasses.Webtable" name="TC012" time="5.287"/>
  <testcase classname="TestClasses.Webtable" name="TC009_webtableBasic">
    <skipped/>
  </testcase> <!-- TC009_webtableBasic -->
</testsuite> <!-- TestClasses.Webtable -->
