<?xml version="1.0" encoding="UTF-8"?>
<!-- Generated by org.testng.reporters.JUnitReportReporter -->
<testsuite hostname="LAPTOP-2D0MJJ4C" failures="0" tests="2" name="TestClasses.TelevisionPrice" time="32.008" errors="0" timestamp="05 Mar 2023 16:18:37 GMT" skipped="0">
  <testcase classname="TestClasses.TelevisionPrice" name="TC008_checkAddtoCartBtn" time="16.184"/>
  <testcase classname="TestClasses.TelevisionPrice" name="TC007_checkBuyNowBtn" time="15.824"/>
</testsuite> <!-- TestClasses.TelevisionPrice -->
