<?xml version="1.0" encoding="UTF-8"?>
<!-- Generated by org.testng.reporters.JUnitReportReporter -->
<testsuite hostname="LAPTOP-2D0MJJ4C" failures="0" tests="7" name="TestClasses.TelevisionPrice" time="94.275" errors="0" timestamp="21 May 2023 09:04:21 GMT" skipped="0">
  <testcase classname="TestClasses.TelevisionPrice" name="TC009_checkAddtoCartBtn" time="15.410"/>
  <testcase classname="TestClasses.TelevisionPrice" name="TC001_checkTelevisionPrice" time="16.181"/>
  <testcase classname="TestClasses.TelevisionPrice" name="TC008_checkAddtoCartBtn" time="15.214"/>
  <testcase classname="TestClasses.TelevisionPrice" name="TC007_checkBuyNowBtn" time="16.291"/>
  <testcase classname="TestClasses.TelevisionPrice" name="TC002_checkIpadPrice" time="15.241"/>
  <testcase classname="TestClasses.TelevisionPrice" name="TC003_setMinMaxPrice" time="9.250"/>
  <testcase classname="TestClasses.TelevisionPrice" name="TC004_searchResult" time="6.688"/>
</testsuite> <!-- TestClasses.TelevisionPrice -->
